  Board.cpp
  ChessGame.cpp
C:\Users\geeda\source\repos\barkerkade\ChessGame\Board.cpp(5,10): error C2143: syntax error: missing ';' before '*'
C:\Users\geeda\source\repos\barkerkade\ChessGame\Board.cpp(5,5): error C4430: missing type specifier - int assumed. Note: C++ does not support default-int
C:\Users\geeda\source\repos\barkerkade\ChessGame\Board.cpp(5,22): error C2238: unexpected token(s) preceding ';'
C:\Users\geeda\source\repos\barkerkade\ChessGame\Board.cpp(10,41): error C2065: 'grid': undeclared identifier
C:\Users\geeda\source\repos\barkerkade\ChessGame\Board.cpp(16,9): error C2065: 'grid': undeclared identifier
C:\Users\geeda\source\repos\barkerkade\ChessGame\Board.cpp(16,26): error C2061: syntax error: identifier 'Knight'
C:\Users\geeda\source\repos\barkerkade\ChessGame\Board.cpp(17,9): error C2065: 'grid': undeclared identifier
C:\Users\geeda\source\repos\barkerkade\ChessGame\Board.cpp(17,26): error C2061: syntax error: identifier 'Bishop'
C:\Users\geeda\source\repos\barkerkade\ChessGame\Board.cpp(18,9): error C2065: 'grid': undeclared identifier
C:\Users\geeda\source\repos\barkerkade\ChessGame\Board.cpp(18,26): error C2061: syntax error: identifier 'Knight'
C:\Users\geeda\source\repos\barkerkade\ChessGame\Board.cpp(19,9): error C2065: 'grid': undeclared identifier
C:\Users\geeda\source\repos\barkerkade\ChessGame\Board.cpp(19,26): error C2061: syntax error: identifier 'Bishop'
C:\Users\geeda\source\repos\barkerkade\ChessGame\Board.cpp(23,9): error C2065: 'cout': undeclared identifier
C:\Users\geeda\source\repos\barkerkade\ChessGame\Board.cpp(25,13): error C2065: 'cout': undeclared identifier
C:\Users\geeda\source\repos\barkerkade\ChessGame\Board.cpp(25,18): warning C4554: '<<': check operator precedence for possible error; use parentheses to clarify precedence
C:\Users\geeda\source\repos\barkerkade\ChessGame\Board.cpp(27,21): error C2065: 'grid': undeclared identifier
C:\Users\geeda\source\repos\barkerkade\ChessGame\Board.cpp(27,33): error C2065: 'cout': undeclared identifier
C:\Users\geeda\source\repos\barkerkade\ChessGame\Board.cpp(27,41): error C2065: 'grid': undeclared identifier
C:\Users\geeda\source\repos\barkerkade\ChessGame\Board.cpp(28,22): error C2065: 'cout': undeclared identifier
C:\Users\geeda\source\repos\barkerkade\ChessGame\Board.cpp(30,13): error C2065: 'cout': undeclared identifier
C:\Users\geeda\source\repos\barkerkade\ChessGame\Board.cpp(30,18): warning C4554: '<<': check operator precedence for possible error; use parentheses to clarify precedence
C:\Users\geeda\source\repos\barkerkade\ChessGame\Board.cpp(30,30): error C2065: 'endl': undeclared identifier
C:\Users\geeda\source\repos\barkerkade\ChessGame\Board.cpp(32,9): error C2065: 'cout': undeclared identifier
C:\Users\geeda\source\repos\barkerkade\ChessGame\ChessGame.cpp(16,11): error C3646: 'board': unknown override specifier
C:\Users\geeda\source\repos\barkerkade\ChessGame\ChessGame.cpp(16,5): error C4430: missing type specifier - int assumed. Note: C++ does not support default-int
C:\Users\geeda\source\repos\barkerkade\ChessGame\ChessGame.cpp(48,9): error C2065: 'Piece': undeclared identifier
C:\Users\geeda\source\repos\barkerkade\ChessGame\ChessGame.cpp(48,16): error C2065: 'p': undeclared identifier
C:\Users\geeda\source\repos\barkerkade\ChessGame\ChessGame.cpp(48,20): error C2065: 'board': undeclared identifier
C:\Users\geeda\source\repos\barkerkade\ChessGame\ChessGame.cpp(51,14): error C2065: 'p': undeclared identifier
C:\Users\geeda\source\repos\barkerkade\ChessGame\ChessGame.cpp(51,19): error C2065: 'p': undeclared identifier
C:\Users\geeda\source\repos\barkerkade\ChessGame\ChessGame.cpp(57,13): error C2065: 'p': undeclared identifier
C:\Users\geeda\source\repos\barkerkade\ChessGame\ChessGame.cpp(57,44): error C2065: 'board': undeclared identifier
C:\Users\geeda\source\repos\barkerkade\ChessGame\ChessGame.cpp(60,17): error C2065: 'board': undeclared identifier
C:\Users\geeda\source\repos\barkerkade\ChessGame\ChessGame.cpp(60,50): error C2065: 'board': undeclared identifier
C:\Users\geeda\source\repos\barkerkade\ChessGame\ChessGame.cpp(66,20): error C2065: 'board': undeclared identifier
C:\Users\geeda\source\repos\barkerkade\ChessGame\ChessGame.cpp(67,13): error C2065: 'board': undeclared identifier
C:\Users\geeda\source\repos\barkerkade\ChessGame\ChessGame.cpp(67,34): error C2065: 'p': undeclared identifier
C:\Users\geeda\source\repos\barkerkade\ChessGame\ChessGame.cpp(68,13): error C2065: 'board': undeclared identifier
C:\Users\geeda\source\repos\barkerkade\ChessGame\ChessGame.cpp(80,13): error C2065: 'board': undeclared identifier
  Piece.cpp
C:\Users\geeda\source\repos\barkerkade\ChessGame\Piece.cpp(4,11): error C3646: 'color': unknown override specifier
C:\Users\geeda\source\repos\barkerkade\ChessGame\Piece.cpp(4,5): error C4430: missing type specifier - int assumed. Note: C++ does not support default-int
C:\Users\geeda\source\repos\barkerkade\ChessGame\Piece.cpp(7,11): error C2061: syntax error: identifier 'Color'
C:\Users\geeda\source\repos\barkerkade\ChessGame\Piece.cpp(7,36): error C2065: 'c': undeclared identifier
C:\Users\geeda\source\repos\barkerkade\ChessGame\Piece.cpp(7,47): error C2065: 's': undeclared identifier
C:\Users\geeda\source\repos\barkerkade\ChessGame\Piece.cpp(7,30): error C2614: 'Piece': illegal member initialization: 'color' is not a base or member
  SpecialtyPiece.cpp
C:\Users\geeda\source\repos\barkerkade\ChessGame\SpecialtyPiece.cpp(2,23): error C2504: 'Piece': base class undefined
C:\Users\geeda\source\repos\barkerkade\ChessGame\SpecialtyPiece.cpp(4,12): error C2061: syntax error: identifier 'Color'
C:\Users\geeda\source\repos\barkerkade\ChessGame\SpecialtyPiece.cpp(6,54): error C2061: syntax error: identifier 'Piece'
C:\Users\geeda\source\repos\barkerkade\ChessGame\SpecialtyPiece.cpp(6,10): error C3668: 'Knight::isValidMove': method with override specifier 'override' did not override any base class methods
C:\Users\geeda\source\repos\barkerkade\ChessGame\SpecialtyPiece.cpp(4,29): error C2065: 'c': undeclared identifier
C:\Users\geeda\source\repos\barkerkade\ChessGame\SpecialtyPiece.cpp(4,33): error C2065: 'c': undeclared identifier
C:\Users\geeda\source\repos\barkerkade\ChessGame\SpecialtyPiece.cpp(4,38): error C2065: 'WHITE': undeclared identifier
C:\Users\geeda\source\repos\barkerkade\ChessGame\SpecialtyPiece.cpp(4,23): error C2614: 'Knight': illegal member initialization: 'Piece' is not a base or member
C:\Users\geeda\source\repos\barkerkade\ChessGame\SpecialtyPiece.cpp(9,20): error C3861: 'abs': identifier not found
C:\Users\geeda\source\repos\barkerkade\ChessGame\SpecialtyPiece.cpp(10,20): error C3861: 'abs': identifier not found
C:\Users\geeda\source\repos\barkerkade\ChessGame\SpecialtyPiece.cpp(15,23): error C2504: 'Piece': base class undefined
C:\Users\geeda\source\repos\barkerkade\ChessGame\SpecialtyPiece.cpp(17,12): error C2061: syntax error: identifier 'Color'
C:\Users\geeda\source\repos\barkerkade\ChessGame\SpecialtyPiece.cpp(19,54): error C2061: syntax error: identifier 'Piece'
C:\Users\geeda\source\repos\barkerkade\ChessGame\SpecialtyPiece.cpp(19,10): error C3668: 'Bishop::isValidMove': method with override specifier 'override' did not override any base class methods
C:\Users\geeda\source\repos\barkerkade\ChessGame\SpecialtyPiece.cpp(17,29): error C2065: 'c': undeclared identifier
C:\Users\geeda\source\repos\barkerkade\ChessGame\SpecialtyPiece.cpp(17,33): error C2065: 'c': undeclared identifier
C:\Users\geeda\source\repos\barkerkade\ChessGame\SpecialtyPiece.cpp(17,38): error C2065: 'WHITE': undeclared identifier
C:\Users\geeda\source\repos\barkerkade\ChessGame\SpecialtyPiece.cpp(17,23): error C2614: 'Bishop': illegal member initialization: 'Piece' is not a base or member
C:\Users\geeda\source\repos\barkerkade\ChessGame\SpecialtyPiece.cpp(21,13): error C3861: 'abs': identifier not found
C:\Users\geeda\source\repos\barkerkade\ChessGame\SpecialtyPiece.cpp(21,29): error C3861: 'abs': identifier not found
C:\Users\geeda\source\repos\barkerkade\ChessGame\SpecialtyPiece.cpp(30,17): error C2065: 'grid': undeclared identifier
  Generating Code...
